<?xml version="1.0" encoding="UTF-8"?>
<testsuite name="AccountTest" tests="1" skipped="0" failures="0" errors="0" timestamp="2020-03-03T18:35:14" hostname="microwave" time="0.02">
  <properties/>
  <testcase name="testAccountTwoMovements" classname="AccountTest" time="0.02"/>
  <system-out><![CDATA[]]></system-out>
  <system-err><![CDATA[]]></system-err>
</testsuite>
